[2025-01-08T05:41:24.710Z] Test log - server startup
[2025-01-08T05:41:24.715Z] Server started on port 5000
[2025-01-08T05:45:14.945Z] Test log - server startup
[2025-01-08T05:45:14.951Z] Server started on port 5000
2025-01-08T09:14:49.387Z - INFO: POST /api/v1/auth/login
2025-01-08T09:14:50.835Z - INFO: GET /api/v1/auth/profile
2025-01-08T09:15:40.220Z - INFO: GET /api/v1/records/records?page=1&perPage=10&sessionId=0ac2f4b8-80f8-45df-acb3-20c34521045a
2025-01-09T06:55:03.019Z - INFO: POST /api/v1/auth/login
2025-01-09T06:55:04.416Z - INFO: GET /api/v1/auth/profile
2025-01-09T06:55:07.431Z - INFO: GET /api/v1/records/records?page=1&perPage=10&sessionId=0ac2f4b8-80f8-45df-acb3-20c34521045a
2025-01-09T06:55:14.813Z - INFO: POST /api/v1/records/upload-csv
2025-01-09T06:55:17.322Z - INFO: POST /api/v1/records/upload-csv
2025-01-09T06:55:18.101Z - INFO: POST /api/v1/records/upload-csv
2025-01-09T06:55:18.292Z - INFO: POST /api/v1/records/upload-csv
2025-01-09T06:55:18.505Z - INFO: POST /api/v1/records/upload-csv
2025-01-09T06:55:18.902Z - INFO: POST /api/v1/records/upload-csv
2025-01-09T06:55:19.103Z - INFO: POST /api/v1/records/upload-csv
2025-01-09T06:55:19.696Z - INFO: POST /api/v1/records/upload-csv
2025-01-09T06:55:20.508Z - INFO: POST /api/v1/records/upload-csv
2025-01-09T06:55:20.681Z - INFO: POST /api/v1/records/upload-csv
2025-01-09T06:55:20.853Z - INFO: POST /api/v1/records/upload-csv
2025-01-09T06:55:21.019Z - INFO: POST /api/v1/records/upload-csv
2025-01-09T06:55:21.204Z - INFO: POST /api/v1/records/upload-csv
2025-01-09T06:55:21.377Z - INFO: POST /api/v1/records/upload-csv
2025-01-09T06:55:31.800Z - INFO: POST /api/v1/records/upload-csv
2025-01-09T06:55:32.350Z - INFO: POST /api/v1/records/upload-csv
2025-01-09T06:55:32.545Z - INFO: POST /api/v1/records/upload-csv
2025-01-09T06:55:32.723Z - INFO: POST /api/v1/records/upload-csv
2025-01-09T06:55:32.910Z - INFO: POST /api/v1/records/upload-csv
2025-01-09T06:55:33.488Z - INFO: POST /api/v1/records/upload-csv
2025-01-09T06:55:35.551Z - INFO: POST /api/v1/records/upload-csv
2025-01-09T06:55:35.723Z - INFO: POST /api/v1/records/upload-csv
2025-01-09T06:55:35.926Z - INFO: POST /api/v1/records/upload-csv
2025-01-09T06:55:36.329Z - INFO: POST /api/v1/records/upload-csv
2025-01-09T06:55:36.502Z - INFO: POST /api/v1/records/upload-csv
2025-01-09T06:55:36.693Z - INFO: POST /api/v1/records/upload-csv
2025-01-09T06:55:36.869Z - INFO: POST /api/v1/records/upload-csv
2025-01-09T06:55:37.078Z - INFO: POST /api/v1/records/upload-csv
2025-01-09T06:56:04.470Z - INFO: POST /api/v1/records/upload-csv
2025-01-09T06:56:04.685Z - INFO: POST /api/v1/records/upload-csv
2025-01-09T06:56:13.023Z - INFO: POST /api/v1/auth/login
2025-01-09T06:56:14.241Z - INFO: GET /api/v1/auth/profile
2025-01-09T06:56:15.651Z - INFO: GET /api/v1/files
2025-01-09T06:56:26.967Z - INFO: POST /api/v1/files/upload
2025-01-09T06:56:28.246Z - INFO: GET /api/v1/files
2025-01-09T06:56:34.840Z - INFO: GET /api/v1/auth/profile
2025-01-09T06:56:36.483Z - INFO: GET /api/v1/records/records?page=1&perPage=10&sessionId=0ac2f4b8-80f8-45df-acb3-20c34521045a
2025-01-09T06:56:43.592Z - INFO: POST /api/v1/records/upload-csv
2025-01-09T06:56:44.480Z - INFO: POST /api/v1/records/upload-csv
2025-01-09T06:56:44.651Z - INFO: POST /api/v1/records/upload-csv
2025-01-09T06:56:44.837Z - INFO: POST /api/v1/records/upload-csv
2025-01-09T06:56:45.019Z - INFO: POST /api/v1/records/upload-csv
2025-01-09T06:56:45.221Z - INFO: POST /api/v1/records/upload-csv
2025-01-09T06:56:53.872Z - INFO: POST /api/v1/records/upload-csv
2025-01-09T06:56:54.411Z - INFO: POST /api/v1/records/upload-csv
2025-01-09T06:56:56.707Z - INFO: POST /api/v1/records/upload-csv
2025-01-09T06:56:56.919Z - INFO: POST /api/v1/records/upload-csv
2025-01-09T06:57:11.043Z - INFO: POST /api/v1/records/upload-csv
2025-01-09T06:57:11.679Z - INFO: POST /api/v1/records/upload-csv
2025-01-09T06:57:11.843Z - INFO: POST /api/v1/records/upload-csv
2025-01-09T06:57:12.023Z - INFO: POST /api/v1/records/upload-csv
2025-01-09T06:57:12.209Z - INFO: POST /api/v1/records/upload-csv
2025-01-09T06:57:12.425Z - INFO: POST /api/v1/records/upload-csv
2025-01-09T06:57:13.119Z - INFO: POST /api/v1/records/upload-csv
2025-01-09T06:57:13.297Z - INFO: POST /api/v1/records/upload-csv
2025-01-09T06:57:13.485Z - INFO: POST /api/v1/records/upload-csv
2025-01-09T06:57:13.687Z - INFO: POST /api/v1/records/upload-csv
2025-01-09T07:01:07.302Z - INFO: POST /api/v1/auth/login
2025-01-09T07:01:08.677Z - INFO: GET /api/v1/auth/profile
2025-01-09T07:01:09.896Z - INFO: GET /api/v1/records/records?page=1&perPage=10&sessionId=0ac2f4b8-80f8-45df-acb3-20c34521045a
2025-01-09T07:01:15.769Z - INFO: POST /api/v1/records/upload-csv
2025-01-09T07:01:18.628Z - INFO: POST /api/v1/records/upload-csv
2025-01-09T07:01:19.020Z - INFO: POST /api/v1/records/upload-csv
2025-01-09T07:01:19.194Z - INFO: POST /api/v1/records/upload-csv
2025-01-09T07:01:19.352Z - INFO: POST /api/v1/records/upload-csv
2025-01-09T07:01:19.516Z - INFO: POST /api/v1/records/upload-csv
2025-01-09T07:01:19.701Z - INFO: POST /api/v1/records/upload-csv
2025-01-09T07:01:19.888Z - INFO: POST /api/v1/records/upload-csv
2025-01-09T07:01:20.091Z - INFO: POST /api/v1/records/upload-csv
2025-01-09T07:01:20.302Z - INFO: POST /api/v1/records/upload-csv
2025-01-09T07:04:36.218Z - INFO: POST /api/v1/auth/login
2025-01-09T07:04:37.603Z - INFO: GET /api/v1/auth/profile
2025-01-09T07:04:38.711Z - INFO: GET /api/v1/records/records?page=1&perPage=10&sessionId=0ac2f4b8-80f8-45df-acb3-20c34521045a
2025-01-09T07:04:44.294Z - INFO: POST /api/v1/records/upload-csv
2025-01-09T07:04:45.207Z - INFO: POST /api/v1/records/upload-csv
2025-01-09T07:04:45.402Z - INFO: POST /api/v1/records/upload-csv
2025-01-09T07:04:45.610Z - INFO: POST /api/v1/records/upload-csv
2025-01-09T07:04:45.793Z - INFO: POST /api/v1/records/upload-csv
2025-01-09T07:04:45.980Z - INFO: POST /api/v1/records/upload-csv
2025-01-09T07:04:46.161Z - INFO: POST /api/v1/records/upload-csv
2025-01-09T07:04:46.716Z - INFO: POST /api/v1/records/upload-csv
2025-01-09T07:04:48.785Z - INFO: POST /api/v1/records/upload-csv
2025-01-09T07:06:12.989Z - INFO: POST /api/v1/records/upload-csv
2025-01-09T07:06:13.616Z - INFO: POST /api/v1/records/upload-csv
2025-01-09T07:06:13.784Z - INFO: POST /api/v1/records/upload-csv
2025-01-09T07:06:13.956Z - INFO: POST /api/v1/records/upload-csv
2025-01-09T07:06:14.107Z - INFO: POST /api/v1/records/upload-csv
2025-01-09T07:06:26.805Z - INFO: POST /api/v1/auth/login
2025-01-09T07:06:28.020Z - INFO: GET /api/v1/auth/profile
2025-01-09T07:06:29.342Z - INFO: GET /api/v1/records/records?page=1&perPage=10&sessionId=0ac2f4b8-80f8-45df-acb3-20c34521045a
2025-01-09T07:06:35.529Z - INFO: POST /api/v1/records/upload-csv
2025-01-09T07:06:36.334Z - INFO: POST /api/v1/records/upload-csv
2025-01-09T07:06:36.517Z - INFO: POST /api/v1/records/upload-csv
2025-01-09T07:06:36.718Z - INFO: POST /api/v1/records/upload-csv
2025-01-09T07:06:36.894Z - INFO: POST /api/v1/records/upload-csv
2025-01-09T07:13:37.969Z - INFO: POST /api/v1/auth/login
2025-01-09T07:13:39.325Z - INFO: GET /api/v1/auth/profile
2025-01-09T07:13:40.457Z - INFO: GET /api/v1/records/records?page=1&perPage=10&sessionId=0ac2f4b8-80f8-45df-acb3-20c34521045a
2025-01-09T07:13:46.368Z - INFO: POST /api/v1/records/upload-csv
2025-01-09T07:13:47.443Z - INFO: POST /api/v1/records/upload-csv
2025-01-09T07:13:47.629Z - INFO: POST /api/v1/records/upload-csv
2025-01-09T07:13:47.809Z - INFO: POST /api/v1/records/upload-csv
2025-01-09T07:13:47.986Z - INFO: POST /api/v1/records/upload-csv
2025-01-09T07:13:48.188Z - INFO: POST /api/v1/records/upload-csv
2025-01-09T07:13:48.367Z - INFO: POST /api/v1/records/upload-csv
2025-01-09T07:13:48.832Z - INFO: POST /api/v1/records/upload-csv
2025-01-09T07:14:12.297Z - INFO: POST /api/v1/records/upload-csv
2025-01-09T07:14:14.310Z - INFO: GET /api/v1/records/upload-csv
2025-01-09T07:23:41.457Z - INFO: POST /api/v1/auth/login
2025-01-09T07:23:42.817Z - INFO: GET /api/v1/auth/profile
2025-01-09T07:23:44.032Z - INFO: GET /api/v1/records/records?page=1&perPage=10&sessionId=0ac2f4b8-80f8-45df-acb3-20c34521045a
2025-01-09T07:23:52.068Z - INFO: POST /api/v1/records/upload-csv
2025-01-09T07:24:03.141Z - INFO: POST /api/v1/records/upload-csv
2025-01-09T07:24:04.822Z - INFO: GET /api/v1/records/upload-csv
2025-01-09T07:24:08.886Z - INFO: GET /api/v1/records/upload-csv
2025-01-09T07:33:54.495Z - INFO: GET /api/v1/records/records?page=1&perPage=10&sessionId=0ac2f4b8-80f8-45df-acb3-20c34521045a
2025-01-09T07:34:17.560Z - INFO: POST /api/v1/records/upload-csv
2025-01-09T07:34:17.697Z - INFO: GET /api/v1/records/records?page=1&perPage=10&sessionId=f22d9ccb-ac9b-48e1-b4f5-59bb3974b18c
2025-01-09T07:34:25.273Z - INFO: GET /api/v1/records/records?page=1&perPage=10&sessionId=f22d9ccb-ac9b-48e1-b4f5-59bb3974b18c&searchField=App&searchValue=Instagram
2025-01-09T07:34:26.230Z - INFO: GET /api/v1/records/records?page=1&perPage=10&sessionId=f22d9ccb-ac9b-48e1-b4f5-59bb3974b18c&searchField=App&searchValue=Instagram
2025-01-09T07:34:30.054Z - INFO: GET /api/v1/records/records?page=2&perPage=10&sessionId=f22d9ccb-ac9b-48e1-b4f5-59bb3974b18c&searchField=App&searchValue=Instagram
2025-01-09T07:34:30.851Z - INFO: GET /api/v1/records/records?page=3&perPage=10&sessionId=f22d9ccb-ac9b-48e1-b4f5-59bb3974b18c&searchField=App&searchValue=Instagram
2025-01-09T11:05:26.565Z - INFO: POST /api/v1/auth/login
2025-01-09T11:05:27.840Z - INFO: GET /api/v1/auth/profile
2025-01-09T11:05:46.826Z - INFO: GET /api/v1/records/records?page=1&perPage=10&sessionId=f22d9ccb-ac9b-48e1-b4f5-59bb3974b18c
2025-01-09T11:05:56.959Z - INFO: POST /api/v1/records/upload-csv
2025-01-09T11:05:57.030Z - INFO: GET /api/v1/records/records?page=1&perPage=10&sessionId=93dd0ad8-a88a-4d97-a40b-f08a083969b3
2025-01-09T11:26:59.700Z - INFO: GET /api/v1/records/records?page=1&perPage=10&sessionId=93dd0ad8-a88a-4d97-a40b-f08a083969b3
